<?xml version="1.0" encoding="UTF-8"?>
<!DOCTYPE beans PUBLIC "-//SPRING//DTD BEAN//EN" "http://www.springframework.org/dtd/spring-beans.dtd">

<beans>
	<import resource="spring-dao-config.xml" />
	<import resource="spring-constants-config.xml" />
	<import resource="spring-service-config.xml" />
	


</beans>